/reference/javascript.rst:26: WARNING: Field list ends without a blank line; unexpected unindent.
/reference/javascript.rst:69: ERROR: Unexpected indentation.
/reference/javascript.rst:334: WARNING: Field list ends without a blank line; unexpected unindent.
/reference/javascript.rst:634: ERROR: Unknown interpreted text role "param".


/administration/backups.rst:455: WARNING: option reference target not found: mongod
/administration/import-export.rst:93: WARNING: option reference target not found: mongoexport --query
/administration/import-export.rst:112: WARNING: option reference target not found: mongoexport --jsonArrray
/administration/import-export.rst:166: WARNING: option reference target not found: mongoimport --db
/administration/monitoring.rst:202: WARNING: mongodb:status reference target not found: globalLock.toalTime
/administration/monitoring.rst:273: WARNING: mongodb:status reference target not found: connections
/administration/monitoring.rst:404: WARNING: mongodb:status reference target not found: optimeDate
/administration/replica-sets.rst:226: WARNING: mongodb:data reference target not found: members

/applications/replication.rst:70: WARNING: mongodb:data reference target not found: getLastErrorDefaults

/faq/sharding.rst:122: WARNING: mongodb:func reference target not found: sort()
/reference/aggregation.rst:278: WARNING: mongodb:func reference target not found: find()
/reference/aggregation.rst:278: WARNING: mongodb:func reference target not found: findOne()
/reference/collection-statistics.rst:11: WARNING: mongodb:func reference target not found: stats()
/reference/collection-statistics.rst:45: WARNING: mongodb:func reference target not found: stats()

/reference/commands.rst:476: WARNING: mongodb:func reference target not found: optional
/reference/commands.rst:476: WARNING: mongodb:func reference target not found: optional
/reference/commands.rst:476: WARNING: mongodb:func reference target not found: optional
/reference/commands.rst:476: WARNING: mongodb:func reference target not found: optional
/reference/commands.rst:117: WARNING: mongodb:('dbcommand', 'setting', 'status', 'stats', 'aggregator') reference target not found: optional
/reference/commands.rst:117: WARNING: mongodb:('dbcommand', 'setting', 'status', 'stats', 'aggregator') reference target not found: optional
/reference/commands.rst:338: WARNING: mongodb:('dbcommand', 'setting', 'status', 'stats', 'aggregator') reference target not found: document
/reference/commands.rst:338: WARNING: mongodb:('dbcommand', 'setting', 'status', 'stats', 'aggregator') reference target not found: optional
/reference/commands.rst:338: WARNING: mongodb:('dbcommand', 'setting', 'status', 'stats', 'aggregator') reference target not found: optional
/reference/commands.rst:338: WARNING: mongodb:('dbcommand', 'setting', 'status', 'stats', 'aggregator') reference target not found: optional
/reference/commands.rst:476: WARNING: mongodb:('dbcommand', 'setting', 'status', 'stats', 'aggregator') reference target not found: optional
/reference/commands.rst:476: WARNING: mongodb:('dbcommand', 'setting', 'status', 'stats', 'aggregator') reference target not found: optional
/reference/commands.rst:476: WARNING: mongodb:('dbcommand', 'setting', 'status', 'stats', 'aggregator') reference target not found: optional
/reference/commands.rst:476: WARNING: mongodb:('dbcommand', 'setting', 'status', 'stats', 'aggregator') reference target not found: optional
/reference/commands.rst:476: WARNING: mongodb:('dbcommand', 'setting', 'status', 'stats', 'aggregator') reference target not found: optional
/reference/commands.rst:476: WARNING: mongodb:('dbcommand', 'setting', 'status', 'stats', 'aggregator') reference target not found: optional
/reference/commands.rst:476: WARNING: mongodb:('dbcommand', 'setting', 'status', 'stats', 'aggregator') reference target not found: optional
/reference/commands.rst:555: WARNING: mongodb:('dbcommand', 'setting', 'status', 'stats', 'aggregator') reference target not found: optional
/reference/commands.rst:None: WARNING: mongodb:('dbcommand', 'setting', 'status', 'stats', 'aggregator') reference target not found: optional
/reference/commands.rst:None: WARNING: mongodb:('dbcommand', 'setting', 'status', 'stats', 'aggregator') reference target not found: optional
/reference/commands.rst:1524: WARNING: mongodb:('dbcommand', 'setting', 'status', 'stats', 'aggregator') reference target not found: integer
/reference/commands.rst:1524: WARNING: mongodb:('dbcommand', 'setting', 'status', 'stats', 'aggregator') reference target not found: integer
/reference/commands.rst:1524: WARNING: mongodb:('dbcommand', 'setting', 'status', 'stats', 'aggregator') reference target not found: boolean
/reference/commands.rst:1524: WARNING: mongodb:('dbcommand', 'setting', 'status', 'stats', 'aggregator') reference target not found: boolean
/reference/commands.rst:1524: WARNING: mongodb:('dbcommand', 'setting', 'status', 'stats', 'aggregator') reference target not found: integer
/reference/commands.rst:1727: WARNING: mongodb:('dbcommand', 'setting', 'status', 'stats', 'aggregator') reference target not found: boolean
/reference/commands.rst:1727: WARNING: mongodb:('dbcommand', 'setting', 'status', 'stats', 'aggregator') reference target not found: integer
/reference/glossary.rst:186: WARNING: mongodb:operator reference target not found: $box
/reference/glossary.rst:179: WARNING: mongodb:operator reference target not found: $circle

/reference/javascript.rst:None: WARNING: mongodb:func reference target not found: document
/reference/javascript.rst:None: WARNING: mongodb:func reference target not found: document
/reference/javascript.rst:None: WARNING: mongodb:func reference target not found: document
/reference/javascript.rst:118: WARNING: mongodb:('dbcommand', 'setting', 'status', 'stats', 'aggregator') reference target not found: document
/reference/javascript.rst:None: WARNING: mongodb:func reference target not found: boolean
/reference/javascript.rst:None: WARNING: mongodb:func reference target not found: boolean
/reference/javascript.rst:264: WARNING: mongodb:func reference target not found: boolean
/reference/javascript.rst:508: WARNING: mongodb:('dbcommand', 'setting', 'status', 'stats', 'aggregator') reference target not found: optional
/reference/javascript.rst:508: WARNING: mongodb:('dbcommand', 'setting', 'status', 'stats', 'aggregator') reference target not found: optional
/reference/javascript.rst:508: WARNING: mongodb:('dbcommand', 'setting', 'status', 'stats', 'aggregator') reference target not found: optional
/reference/javascript.rst:657: WARNING: mongodb:func reference target not found: document
/reference/javascript.rst:657: WARNING: mongodb:func reference target not found: Boolean
/reference/javascript.rst:657: WARNING: mongodb:func reference target not found: Boolean
/reference/javascript.rst:None: WARNING: mongodb:func reference target not found: string
/reference/javascript.rst:None: WARNING: mongodb:func reference target not found: string
/reference/javascript.rst:None: WARNING: mongodb:func reference target not found: boolean
/reference/javascript.rst:None: WARNING: mongodb:func reference target not found: string
/reference/javascript.rst:None: WARNING: mongodb:func reference target not found: string
/reference/javascript.rst:None: WARNING: mongodb:func reference target not found: string
/reference/javascript.rst:None: WARNING: mongodb:func reference target not found: database
/reference/javascript.rst:None: WARNING: mongodb:func reference target not found: database
/reference/javascript.rst:None: WARNING: mongodb:func reference target not found: origin
/reference/javascript.rst:799: WARNING: mongodb:func reference target not found: string
/reference/javascript.rst:799: WARNING: mongodb:func reference target not found: boolean
/reference/javascript.rst:799: WARNING: mongodb:func reference target not found: bytes
/reference/javascript.rst:799: WARNING: mongodb:func reference target not found: int
/reference/javascript.rst:842: WARNING: mongodb:func reference target not found: JavaScript
/reference/javascript.rst:None: WARNING: mongodb:func reference target not found: string
/reference/javascript.rst:1104: WARNING: mongodb:func reference target not found: optional
/reference/javascript.rst:1179: WARNING: mongodb:func reference target not found: field
/reference/javascript.rst:1290: WARNING: mongodb:func reference target not found: document
/reference/javascript.rst:1290: WARNING: mongodb:func reference target not found: document
/reference/javascript.rst:1216: WARNING: mongodb:data reference target not found: name
/reference/javascript.rst:1290: WARNING: mongodb:('dbcommand', 'setting', 'status', 'stats', 'aggregator') reference target not found: Boolean
/reference/javascript.rst:1290: WARNING: mongodb:('dbcommand', 'setting', 'status', 'stats', 'aggregator') reference target not found: Boolean
/reference/javascript.rst:1290: WARNING: mongodb:('dbcommand', 'setting', 'status', 'stats', 'aggregator') reference target not found: Boolean
/reference/javascript.rst:1290: WARNING: mongodb:('dbcommand', 'setting', 'status', 'stats', 'aggregator') reference target not found: Boolean
/reference/javascript.rst:None: WARNING: mongodb:func reference target not found: optional
/reference/javascript.rst:None: WARNING: mongodb:func reference target not found: optional
/reference/javascript.rst:None: WARNING: mongodb:func reference target not found: string
/reference/javascript.rst:1434: WARNING: mongodb:func reference target not found: optional
/reference/javascript.rst:1472: WARNING: mongodb:func reference target not found: optional
/reference/javascript.rst:None: WARNING: mongodb:func reference target not found: name
/reference/javascript.rst:None: WARNING: mongodb:func reference target not found: name
/reference/javascript.rst:None: WARNING: mongodb:func reference target not found: document
/reference/javascript.rst:None: WARNING: mongodb:func reference target not found: boolean
/reference/javascript.rst:None: WARNING: mongodb:func reference target not found: string
/reference/javascript.rst:None: WARNING: mongodb:func reference target not found: string
/reference/javascript.rst:None: WARNING: mongodb:func reference target not found: document
/reference/javascript.rst:1595: WARNING: mongodb:func reference target not found: string
/reference/javascript.rst:1595: WARNING: mongodb:func reference target not found: string
/reference/javascript.rst:None: WARNING: mongodb:func reference target not found: boolean
/reference/javascript.rst:None: WARNING: mongodb:func reference target not found: optional
/reference/javascript.rst:None: WARNING: mongodb:func reference target not found: string
/reference/javascript.rst:None: WARNING: mongodb:func reference target not found: optional
/reference/javascript.rst:None: WARNING: mongodb:func reference target not found: string
/reference/javascript.rst:None: WARNING: mongodb:func reference target not found: init
/reference/javascript.rst:None: WARNING: mongodb:func reference target not found: init
/reference/javascript.rst:1889: WARNING: mongodb:func reference target not found: string
/reference/javascript.rst:None: WARNING: mongodb:func reference target not found: string
/reference/javascript.rst:1908: WARNING: mongodb:func reference target not found: string
/reference/javascript.rst:None: WARNING: mongodb:func reference target not found: string
/reference/javascript.rst:None: WARNING: mongodb:func reference target not found: string
/reference/javascript.rst:None: WARNING: mongodb:func reference target not found: string

/reference/replica-status.rst:38: WARNING: mongodb:data reference target not found: rs.conf._id
/reference/server-status.rst:95: WARNING: mongodb:status reference target not found: gobalLock.ratio
/reference/server-status.rst:176: WARNING: mongodb:status reference target not found: mem
/reference/server-status.rst:206: WARNING: mongodb:status reference target not found: mem
/reference/server-status.rst:223: WARNING: mongodb:status reference target not found: connections
/reference/server-status.rst:325: WARNING: mongodb:status reference target not found: index Counter.btree.resets
/reference/server-status.rst:357: WARNING: mongodb:status reference target not found: backgroundFlishing.flushes
/reference/server-status.rst:402: WARNING: mongodb:status reference target not found: cursors
/reference/server-status.rst:430: WARNING: mongodb:status reference target not found: network
/reference/server-status.rst:462: WARNING: mongodb:status reference target not found: repl
/reference/server-status.rst:506: WARNING: mongodb:status reference target not found: opcounters
/reference/server-status.rst:555: WARNING: mongodb:status reference target not found: asserts
/reference/server-status.rst:555: WARNING: mongodb:status reference target not found: asserts
/reference/server-status.rst:582: WARNING: mongodb:status reference target not found: asserts.users
/reference/server-status.rst:591: WARNING: mongodb:status reference target not found: asserts
/reference/server-status.rst:611: WARNING: mongodb:status reference target not found: dur
