Release "mongodb-kubernetes-operator-multi-cluster" does not exist. Installing it now.
name: mongodb-kubernetes-operator-multi-cluster
LAST DEPLOYED: Mon Aug 26 10:55:49 2024
NAMESPACE: mongodb-operator
STATUS: deployed
REVISION: 1
TEST SUITE: None
USER-SUPPLIED VALUES:
dummy: value
multiCluster:
  clusters:
  - gke_scratch-kubernetes-team_europe-central2-a_k8s-mdb-0
  - gke_scratch-kubernetes-team_europe-central2-b_k8s-mdb-1
  - gke_scratch-kubernetes-team_europe-central2-c_k8s-mdb-2
namespace: mongodb-operator
operator:
  createOperatorServiceAccount: false
  createResourcesServiceAccountsAndRoles: false
  name: mongodb-kubernetes-operator-multi-cluster
  namespace: mongodb-operator
  watchNamespace: mongodb

COMPUTED VALUES:
agent:
  name: mongodb-agent
  version: 107.0.0.8502-1
database:
  name: mongodb-kubernetes-database
  version: 1.27.0
dummy: value
initAppDb:
  name: mongodb-kubernetes-init-appdb
  version: 1.27.0
initDatabase:
  name: mongodb-kubernetes-init-database
  version: 1.27.0
initOpsManager:
  name: mongodb-kubernetes-init-ops-manager
  version: 1.27.0
managedSecurityContext: false
mongodb:
  appdbAssumeOldFormat: false
  imageType: ubi8
  name: mongodb-enterprise-server
  repo: quay.io/mongodb
mongodbLegacyAppDb:
  name: mongodb-kubernetes-appdb-database-ubi
  repo: quay.io/mongodb
multiCluster:
  clusterClientTimeout: 10
  clusters:
  - gke_scratch-kubernetes-team_europe-central2-a_k8s-mdb-0
  - gke_scratch-kubernetes-team_europe-central2-b_k8s-mdb-1
  - gke_scratch-kubernetes-team_europe-central2-c_k8s-mdb-2
  kubeConfigSecretname: mongodb-enterprise-operator-multi-cluster-kubeconfig
  performFailOver: true
namespace: mongodb-operator
operator:
  additionalArguments: []
  affinity: {}
  createOperatorServiceAccount: false
  createResourcesServiceAccountsAndRoles: false
  deployment_name: mongodb-kubernetes-operator
  env: prod
  maxConcurrentReconciles: 1
  mdbDefaultArchitecture: non-static
  name: mongodb-kubernetes-operator-multi-cluster
  namespace: mongodb-operator
  nodeSelector: {}
  operator_image_name: mongodb-kubernetes-operator
  replicas: 1
  resources:
    limits:
      cpu: 1100m
      memory: 1Gi
    requests:
      cpu: 500m
      memory: 200Mi
  tolerations: []
  vaultSecretBackend:
    enabled: false
    tlsSecretRef: ""
  version: 1.27.0
  watchNamespace: mongodb
  watchedResources:
  - mongodb
  - opsmanagers
  - mongodbusers
  webhook:
    installClusterRole: true
    registerConfiguration: true
opsManager:
  name: mongodb-enterprise-ops-manager-ubi
registry:
  agent: quay.io/mongodb
  appDb: quay.io/mongodb
  database: quay.io/mongodb
  imagePullSecrets: null
  initAppDb: quay.io/mongodb
  initDatabase: quay.io/mongodb
  initOpsManager: quay.io/mongodb
  operator: quay.io/mongodb
  opsManager: quay.io/mongodb
  pullPolicy: Always
subresourceEnabled: true

HOOKS:
MANIFEST:
---
kind: ClusterRole
apiVersion: rbac.authorization.k8s.io/v1
metadata:
  name: mongodb-kubernetes-operator-mongodb-webhook
rules:
  - apiGroups:
      - "admissionregistration.k8s.io"
    resources:
      - validatingwebhookconfigurations
    verbs:
      - get
      - create
      - update
      - delete
  - apiGroups:
      - ""
    resources:
      - services
    verbs:
      - get
      - list
      - watch
      - create
      - update
      - delete
---
kind: ClusterRoleBinding
apiVersion: rbac.authorization.k8s.io/v1
metadata:
  name: mongodb-kubernetes-operator-multi-cluster-mongodb-operator-webhook-binding
roleRef:
  apiGroup: rbac.authorization.k8s.io
  kind: ClusterRole
  name: mongodb-kubernetes-operator-mongodb-webhook
subjects:
  - kind: ServiceAccount
    name: mongodb-kubernetes-operator-multi-cluster
    namespace: mongodb-operator
---
apiVersion: apps/v1
kind: Deployment
metadata:
  name: mongodb-kubernetes-operator-multi-cluster
  namespace: mongodb-operator
spec:
  replicas: 1
  selector:
    matchLabels:
      app.kubernetes.io/component: controller
      app.kubernetes.io/name: mongodb-kubernetes-operator-multi-cluster
      app.kubernetes.io/instance: mongodb-kubernetes-operator-multi-cluster
  template:
    metadata:
      labels:
        app.kubernetes.io/component: controller
        app.kubernetes.io/name: mongodb-kubernetes-operator-multi-cluster
        app.kubernetes.io/instance: mongodb-kubernetes-operator-multi-cluster
    spec:
      serviceAccountName: mongodb-kubernetes-operator-multi-cluster
      securityContext:
        runAsNonRoot: true
        runAsUser: 2000
      containers:
        - name: mongodb-kubernetes-operator-multi-cluster
          image: "quay.io/mongodb/mongodb-kubernetes-operator:1.27.0"
          imagePullPolicy: Always
          args:
            - -watch-resource=mongodb
            - -watch-resource=opsmanagers
            - -watch-resource=mongodbusers
            - -watch-resource=mongodbmulticluster
          command:
            - /usr/local/bin/mongodb-kubernetes-operator
          volumeMounts:
            - mountPath: /etc/config/kubeconfig
              name: kube-config-volume
          resources:
            limits:
              cpu: 1100m
              memory: 1Gi
            requests:
              cpu: 500m
              memory: 200Mi
          env:
            - name: OPERATOR_ENV
              value: prod
            - name: MDB_DEFAULT_ARCHITECTURE
              value: non-static
            - name: WATCH_NAMESPACE
              value: "mongodb"
            - name: NAMESPACE
              valueFrom:
                fieldRef:
                  fieldPath: metadata.namespace
            - name: CLUSTER_CLIENT_TIMEOUT
              value: "10"
            - name: IMAGE_PULL_POLICY
              value: Always
            # Database
            - name: MONGODB_ENTERPRISE_DATABASE_IMAGE
              value: quay.io/mongodb/mongodb-kubernetes-database
            - name: INIT_DATABASE_IMAGE_REPOSITORY
              value: quay.io/mongodb/mongodb-kubernetes-init-database
            - name: INIT_DATABASE_VERSION
              value: 1.27.0
            - name: DATABASE_VERSION
              value: 1.27.0
            # Ops Manager
            - name: OPS_MANAGER_IMAGE_REPOSITORY
              value: quay.io/mongodb/mongodb-enterprise-ops-manager-ubi
            - name: INIT_OPS_MANAGER_IMAGE_REPOSITORY
              value: quay.io/mongodb/mongodb-kubernetes-init-ops-manager
            - name: INIT_OPS_MANAGER_VERSION
              value: 1.27.0
            # AppDB
            - name: INIT_APPDB_IMAGE_REPOSITORY
              value: quay.io/mongodb/mongodb-kubernetes-init-appdb
            - name: INIT_APPDB_VERSION
              value: 1.27.0
            - name: OPS_MANAGER_IMAGE_PULL_POLICY
              value: Always
            - name: AGENT_IMAGE
              value: "quay.io/mongodb/mongodb-agent:107.0.0.8502-1"
            - name: MDB_AGENT_IMAGE_REPOSITORY
              value: "quay.io/mongodb/mongodb-agent"
            - name: MONGODB_IMAGE
              value: mongodb-enterprise-server
            - name: MONGODB_REPO_URL
              value: quay.io/mongodb
            - name: MDB_IMAGE_TYPE
              value: ubi8
            - name: PERFORM_FAILOVER
              value: 'true'
            - name: MDB_MAX_CONCURRENT_RECONCILES
              value: "1"
      volumes:
        - name: kube-config-volume
          secret:
            defaultMode: 420
            secretname: mongodb-enterprise-operator-multi-cluster-kubeconfig

