Waiting for Application Database to reach Running phase...
mongodbopsmanager.mongodb.com/om condition met

Waiting for Ops Manager to reach Running phase...
mongodbopsmanager.mongodb.com/om condition met

Waiting for Application Database to reach Pending phase (enabling monitoring)...
mongodbopsmanager.mongodb.com/om condition met
Waiting for Application Database to reach Running phase...
mongodbopsmanager.mongodb.com/om condition met

Waiting for Ops Manager to reach Running phase...
mongodbopsmanager.mongodb.com/om condition met

MongoDBOpsManager resource
NAME   REPLICAS   VERSION   STATE (OPSMANAGER)   STATE (APPDB)   STATE (BACKUP)   AGE   WARNINGS
om                7.0.4     Running              Running         Disabled         11m   

Pods running in cluster gke_scratch-kubernetes-team_europe-central2-a_k8s-mdb-0
NAME        READY   STATUS    RESTARTS   AGE
om-0-0      2/2     Running   0          8m39s
om-db-0-0   4/4     Running   0          44s
om-db-0-1   4/4     Running   0          2m6s
om-db-0-2   4/4     Running   0          3m19s

Pods running in cluster gke_scratch-kubernetes-team_europe-central2-b_k8s-mdb-1
