 1 | diff: |
 2 |    {
 3 |   -  "backupSettings": {
 4 |   -    "enabled": true
 5 |   -  },
 6 |   -  "clusterType": "REPLICASET",
 7 |   -  "connectionStrings": {
 8 |   -    "standard": "...",
 9 |   -    "standardSrv": "..."
10 |   -  },
11 |   -  "createDate": "2025-07-21T09:52:06Z",
12 |   -  "groupId": "687e0db8823af91...",
13 |   -  "id": "687e0dc6426db7026...",
14 |   -  "mongoDBVersion": "8.0.11",
15 |   -  "name": "test",
16 |   -  "providerSettings": {
17 |   -    "backingProviderName": "AWS",
18 |   -    "diskSizeGB": 5,
19 |   -    "providerName": "FLEX",
20 |   -    "regionName": "US_EAST_1"
21 |   -  },
22 |   -  "stateName": "IDLE",
23 |      "tags": [
24 |      ],
25 |   -  "terminationProtectionEnabled": false,
26 |   +  "terminationProtectionEnabled": true,
27 |   -  "versionReleaseSystem": "LTS"
28 |    }
29 | level: DEBUG
30 | msg: JSON diff
31 | time: 2025-07-22T18:07:01.163+0200
32 | url: https://...