
Build: , 
Ensured namespaces exist in all clusters.
creating central cluster roles in cluster: gke_scratch-kubernetes-team_europe-central2-a_k8s-mdb-0-686cc1e099f9ef000722c191-862
created clusterrole: mongodb-kubernetes-operator-multi-cluster-role-telemetry
created clusterrolebinding: mongodb-kubernetes-operator-multi-telemetry-cluster-role-binding
created clusterrolebinding: mongodb-kubernetes-operator-mongodb-operator-multi-cluster-mongodb-role-binding
created clusterrole: mongodb-kubernetes-operator-multi-cluster-role-telemetry
created clusterrolebinding: mongodb-kubernetes-operator-multi-telemetry-cluster-role-binding
created clusterrolebinding: mongodb-kubernetes-operator-mongodb-operator-multi-cluster-mongodb-role-binding
creating member roles in cluster: gke_scratch-kubernetes-team_europe-central2-b_k8s-mdb-1-686cc1e099f9ef000722c191-862
created clusterrole: mongodb-kubernetes-operator-multi-cluster-role-telemetry
created clusterrolebinding: mongodb-kubernetes-operator-multi-telemetry-cluster-role-binding
created clusterrole: mongodb-kubernetes-operator-multi-cluster-role-telemetry
created clusterrolebinding: mongodb-kubernetes-operator-multi-telemetry-cluster-role-binding
creating member roles in cluster: gke_scratch-kubernetes-team_europe-central2-c_k8s-mdb-2-686cc1e099f9ef000722c191-862
created clusterrole: mongodb-kubernetes-operator-multi-cluster-role-telemetry
created clusterrolebinding: mongodb-kubernetes-operator-multi-telemetry-cluster-role-binding
created clusterrole: mongodb-kubernetes-operator-multi-cluster-role-telemetry
created clusterrolebinding: mongodb-kubernetes-operator-multi-telemetry-cluster-role-binding
Ensured ServiceAccounts and Roles.
Creating KubeConfig secret mongodb-operator/mongodb-enterprise-operator-multi-cluster-kubeconfig in cluster gke_scratch-kubernetes-team_europe-central2-a_k8s-mdb-0-686cc1e099f9ef000722c191-862
Ensured database Roles in member clusters.
Creating Member list Configmap mongodb-operator/mongodb-kubernetes-operator-member-list in cluster gke_scratch-kubernetes-team_europe-central2-a_k8s-mdb-0-686cc1e099f9ef000722c191-862

Build: , 
Ensured namespaces exist in all clusters.
creating central cluster roles in cluster: gke_scratch-kubernetes-team_europe-central2-a_k8s-mdb-0-686cc1e099f9ef000722c191-862
created clusterrole: mongodb-kubernetes-operator-multi-cluster-role-telemetry
created clusterrolebinding: mongodb-kubernetes-operator-multi-telemetry-cluster-role-binding
created clusterrolebinding: mongodb-kubernetes-operator-mongodb-operator-multi-cluster-mongodb-role-binding
created clusterrole: mongodb-kubernetes-operator-multi-cluster-role-telemetry
created clusterrolebinding: mongodb-kubernetes-operator-multi-telemetry-cluster-role-binding
created clusterrolebinding: mongodb-kubernetes-operator-mongodb-operator-multi-cluster-mongodb-role-binding
creating member roles in cluster: gke_scratch-kubernetes-team_europe-central2-b_k8s-mdb-1-686cc1e099f9ef000722c191-862
created clusterrole: mongodb-kubernetes-operator-multi-cluster-role-telemetry
created clusterrolebinding: mongodb-kubernetes-operator-multi-telemetry-cluster-role-binding
created clusterrole: mongodb-kubernetes-operator-multi-cluster-role-telemetry
created clusterrolebinding: mongodb-kubernetes-operator-multi-telemetry-cluster-role-binding
creating member roles in cluster: gke_scratch-kubernetes-team_europe-central2-c_k8s-mdb-2-686cc1e099f9ef000722c191-862
created clusterrole: mongodb-kubernetes-operator-multi-cluster-role-telemetry
created clusterrolebinding: mongodb-kubernetes-operator-multi-telemetry-cluster-role-binding
created clusterrole: mongodb-kubernetes-operator-multi-cluster-role-telemetry
created clusterrolebinding: mongodb-kubernetes-operator-multi-telemetry-cluster-role-binding
Ensured ServiceAccounts and Roles.
Creating KubeConfig secret mongodb-operator/mongodb-enterprise-operator-multi-cluster-kubeconfig in cluster gke_scratch-kubernetes-team_europe-central2-a_k8s-mdb-0-686cc1e099f9ef000722c191-862
Secret mongodb-operator/mongodb-enterprise-operator-multi-cluster-kubeconfig already exists, updating it
Ensured database Roles in member clusters.
Creating Member list Configmap mongodb-operator/mongodb-kubernetes-operator-member-list in cluster gke_scratch-kubernetes-team_europe-central2-a_k8s-mdb-0-686cc1e099f9ef000722c191-862
