
Build: , 
Ensured namespaces exist in all clusters.
creating central cluster roles in cluster: gke_scratch-kubernetes-team_europe-central2-a_k8s-mdb-0-67d0389d75b70a0007e5894a
created clusterrole: mongodb-enterprise-operator-multi-cluster-role-telemetry
created clusterrolebinding: mongodb-enterprise-operator-multi-telemetry-cluster-role-binding
created clusterrole: mongodb-enterprise-operator-multi-cluster-role-telemetry
created clusterrolebinding: mongodb-enterprise-operator-multi-telemetry-cluster-role-binding
creating member roles in cluster: gke_scratch-kubernetes-team_europe-central2-b_k8s-mdb-1-67d0389d75b70a0007e5894a
created clusterrole: mongodb-enterprise-operator-multi-cluster-role-telemetry
created clusterrolebinding: mongodb-enterprise-operator-multi-telemetry-cluster-role-binding
created clusterrole: mongodb-enterprise-operator-multi-cluster-role-telemetry
created clusterrolebinding: mongodb-enterprise-operator-multi-telemetry-cluster-role-binding
creating member roles in cluster: gke_scratch-kubernetes-team_europe-central2-c_k8s-mdb-2-67d0389d75b70a0007e5894a
created clusterrole: mongodb-enterprise-operator-multi-cluster-role-telemetry
created clusterrolebinding: mongodb-enterprise-operator-multi-telemetry-cluster-role-binding
created clusterrole: mongodb-enterprise-operator-multi-cluster-role-telemetry
created clusterrolebinding: mongodb-enterprise-operator-multi-telemetry-cluster-role-binding
Ensured ServiceAccounts and Roles.
Creating KubeConfig secret mongodb-operator/mongodb-enterprise-operator-multi-cluster-kubeconfig in cluster gke_scratch-kubernetes-team_europe-central2-a_k8s-mdb-0-67d0389d75b70a0007e5894a
Ensured database Roles in member clusters.
Creating Member list Configmap mongodb-operator/mongodb-enterprise-operator-member-list in cluster gke_scratch-kubernetes-team_europe-central2-a_k8s-mdb-0-67d0389d75b70a0007e5894a

Build: , 
Ensured namespaces exist in all clusters.
creating central cluster roles in cluster: gke_scratch-kubernetes-team_europe-central2-a_k8s-mdb-0-67d0389d75b70a0007e5894a
created clusterrole: mongodb-enterprise-operator-multi-cluster-role-telemetry
created clusterrolebinding: mongodb-enterprise-operator-multi-telemetry-cluster-role-binding
created clusterrole: mongodb-enterprise-operator-multi-cluster-role-telemetry
created clusterrolebinding: mongodb-enterprise-operator-multi-telemetry-cluster-role-binding
creating member roles in cluster: gke_scratch-kubernetes-team_europe-central2-b_k8s-mdb-1-67d0389d75b70a0007e5894a
created clusterrole: mongodb-enterprise-operator-multi-cluster-role-telemetry
created clusterrolebinding: mongodb-enterprise-operator-multi-telemetry-cluster-role-binding
created clusterrole: mongodb-enterprise-operator-multi-cluster-role-telemetry
created clusterrolebinding: mongodb-enterprise-operator-multi-telemetry-cluster-role-binding
creating member roles in cluster: gke_scratch-kubernetes-team_europe-central2-c_k8s-mdb-2-67d0389d75b70a0007e5894a
created clusterrole: mongodb-enterprise-operator-multi-cluster-role-telemetry
created clusterrolebinding: mongodb-enterprise-operator-multi-telemetry-cluster-role-binding
created clusterrole: mongodb-enterprise-operator-multi-cluster-role-telemetry
created clusterrolebinding: mongodb-enterprise-operator-multi-telemetry-cluster-role-binding
Ensured ServiceAccounts and Roles.
Creating KubeConfig secret mongodb-operator/mongodb-enterprise-operator-multi-cluster-kubeconfig in cluster gke_scratch-kubernetes-team_europe-central2-a_k8s-mdb-0-67d0389d75b70a0007e5894a
Ensured database Roles in member clusters.
Creating Member list Configmap mongodb-operator/mongodb-enterprise-operator-member-list in cluster gke_scratch-kubernetes-team_europe-central2-a_k8s-mdb-0-67d0389d75b70a0007e5894a
