Finding a document with regular (non-encrypted) client.

{
  _id: new ObjectId("629a452e0861b3130887103a"),
  name: 'Jon Doe',
  ssn: new Binary(Buffer.from("0217482732d8014cdd9ffdd6e2966e5e7910c20697e5f4fa95710aafc9153f0a3dc769c8a132a604b468732ff1f4d8349ded3244b59cbfb41444a210f28b21ea1b6c737508d9d30e8baa30c1d8070c4d5e26", "hex"), 6),
  bloodType: new Binary(Buffer.from("0217482732d8014cdd9ffdd6e2966e5e79022e238536dfd8caadb4d7751ac940e0f195addd7e5c67b61022d02faa90283ab69e02303c7e4001d1996128428bf037dea8bbf59fbb20c583cbcff2bf3e2519b4", "hex"), 6),
  'key-id': 'demo-data-key',
  medicalRecords: new Binary(Buffer.from("0217482732d8014cdd9ffdd6e2966e5e790405163a3207cff175455106f57eef14e5610c49a99bcbd14a7db9c5284e45e3ee30c149354015f941440bf54725d6492fb3b8704bc7c411cff6c868e4e13c58233c3d5ed9593eca4e4d027d76d3705b6d1f3b3c9e2ceee195fd944b553eb27eee69e5e67c338f146f8445995664980bf0", "hex"), 6),
  insurance: {
    policyNumber: new Binary(Buffer.from("0217482732d8014cdd9ffdd6e2966e5e79108decd85c05be3fec099e015f9d26d9234605dc959cc1a19b63072f7ffda99db38c7b487de0572a03b2139ac3ee163bcc40c8508f366ce92a5dd36e38b3c742f7", "hex"), 6),
    provider: 'MaestCare'
  }
}

Finding a document with encrypted client, searching on an encrypted field

{
  _id: new ObjectId("629a452e0861b3130887103a"),
  name: 'Jon Doe',
  ssn: 241014209,
  bloodType: 'AB+',
  'key-id': 'demo-data-key',
  medicalRecords: [ { weight: 180, bloodPressure: '120/80' } ],
  insurance: { policyNumber: 123142, provider: 'MaestCare' }
}
