
Waiting for Backup to reach Running phase...
mongodbopsmanager.mongodb.com/om condition met
Waiting for Application Database to reach Running phase...
mongodbopsmanager.mongodb.com/om condition met

Waiting for Ops Manager to reach Running phase...
mongodbopsmanager.mongodb.com/om condition met

MongoDBOpsManager resource
NAME   REPLICAS   VERSION   STATE (OPSMANAGER)   STATE (APPDB)   STATE (BACKUP)   AGE   WARNINGS
om                8.0.4     Running              Running         Running          14m   

Pods running in cluster gke_scratch-kubernetes-team_europe-central2-a_k8s-mdb-0-lucian
NAME        READY   STATUS    RESTARTS   AGE
om-0-0      1/1     Running   0          11m
om-db-0-0   3/3     Running   0          5m35s
om-db-0-1   3/3     Running   0          6m20s

Pods running in cluster gke_scratch-kubernetes-team_europe-central2-b_k8s-mdb-1-lucian
NAME        READY   STATUS    RESTARTS   AGE
om-1-0      1/1     Running   0          11m
om-1-1      1/1     Running   0          8m28s
om-db-1-0   3/3     Running   0          3m52s
om-db-1-1   3/3     Running   0          4m48s

Pods running in cluster gke_scratch-kubernetes-team_europe-central2-c_k8s-mdb-2-lucian
NAME                   READY   STATUS    RESTARTS   AGE
om-2-backup-daemon-0   1/1     Running   0          2m
om-db-2-0              3/3     Running   0          2m55s
