
Waiting for Backup to reach Running phase...
mongodbopsmanager.mongodb.com/om condition met
Waiting for Application Database to reach Running phase...
mongodbopsmanager.mongodb.com/om condition met

Waiting for Ops Manager to reach Running phase...
mongodbopsmanager.mongodb.com/om condition met

MongoDBOpsManager resource
NAME   REPLICAS   VERSION   STATE (OPSMANAGER)   STATE (APPDB)   STATE (BACKUP)   AGE   WARNINGS
om                8.0.0     Running              Running         Running          22m   

Pods running in cluster gke_scratch-kubernetes-team_europe-central2-a_k8s-mdb-0
NAME        READY   STATUS    RESTARTS   AGE
om-0-0      2/2     Running   0          3m45s
om-db-0-0   4/4     Running   0          11m
om-db-0-1   4/4     Running   0          13m
om-db-0-2   4/4     Running   0          14m

Pods running in cluster gke_scratch-kubernetes-team_europe-central2-b_k8s-mdb-1
NAME        READY   STATUS    RESTARTS   AGE
om-1-0      2/2     Running   0          3m46s
om-db-1-0   4/4     Running   0          11m
om-db-1-1   4/4     Running   0          9m29s

Pods running in cluster gke_scratch-kubernetes-team_europe-central2-c_k8s-mdb-2
NAME                   READY   STATUS    RESTARTS   AGE
om-2-backup-daemon-0   2/2     Running   0          2m2s
