
Waiting for Backup to reach Running phase...
mongodbopsmanager.mongodb.com/om condition met
Waiting for Application Database to reach Running phase...
mongodbopsmanager.mongodb.com/om condition met

Waiting for Ops Manager to reach Running phase...
mongodbopsmanager.mongodb.com/om condition met

MongoDBOpsManager resource
NAME   REPLICAS   VERSION   STATE (OPSMANAGER)   STATE (APPDB)   STATE (BACKUP)   AGE   WARNINGS
om                8.0.5     Running              Running         Running          20m   

Pods running in cluster gke_scratch-kubernetes-team_europe-central2-a_k8s-mdb-0-68245b194dd78a000731ffae-28857
NAME        READY   STATUS    RESTARTS   AGE
om-0-0      2/2     Running   0          5m14s
om-db-0-0   4/4     Running   0          11m
om-db-0-1   4/4     Running   0          12m
om-db-0-2   4/4     Running   0          13m

Pods running in cluster gke_scratch-kubernetes-team_europe-central2-b_k8s-mdb-1-68245b194dd78a000731ffae-28857
NAME        READY   STATUS    RESTARTS   AGE
om-1-0      2/2     Running   0          5m45s
om-db-1-0   4/4     Running   0          10m
om-db-1-1   4/4     Running   0          7m59s

Pods running in cluster gke_scratch-kubernetes-team_europe-central2-c_k8s-mdb-2-68245b194dd78a000731ffae-28857
NAME                   READY   STATUS    RESTARTS   AGE
om-2-backup-daemon-0   2/2     Running   0          2m16s
